<?xml version="1.0" encoding="UTF-8"?>
<!-- Generated by org.testng.reporters.JUnitReportReporter -->
<testsuite hostname="RMM-LT-654" name="continuum.cucumber.testRunner.TestRunner" tests="1" failures="0" timestamp="27 Oct 2016 14:24:32 GMT" time="71.112" errors="0">
  <testcase name="feature" time="71.112" classname="continuum.cucumber.testRunner.TestRunner"/>
</testsuite> <!-- continuum.cucumber.testRunner.TestRunner -->
