<?xml version="1.0" encoding="UTF-8"?>
<!-- Generated by org.testng.reporters.JUnitReportReporter -->
<testsuite hostname="RMM-LT-654" name="continuum.cucumber.testRunner.TestRunner" tests="1" failures="0" timestamp="20 Oct 2016 13:49:11 GMT" time="154.255" errors="0">
  <testcase name="feature" time="154.255" classname="continuum.cucumber.testRunner.TestRunner"/>
</testsuite> <!-- continuum.cucumber.testRunner.TestRunner -->
