<?xml version="1.0" encoding="UTF-8"?>
<!-- Generated by org.testng.reporters.JUnitReportReporter -->
<testsuite hostname="RMM-LT-654" name="continuum.cucumber.testRunner.TestRunner" tests="1" failures="0" timestamp="1 Nov 2016 07:44:15 GMT" time="63.896" errors="0">
  <testcase name="feature" time="63.896" classname="continuum.cucumber.testRunner.TestRunner"/>
</testsuite> <!-- continuum.cucumber.testRunner.TestRunner -->
